2026-05-05T12:32:33.224Z [ERROR]: MongoDB connection failed {
  "error": {
    "code": "ETIMEOUT",
    "syscall": "querySrv",
    "hostname": "_mongodb._tcp.cluster0.lncnmxz.mongodb.net"
  }
}
2026-05-05T12:42:02.265Z [INFO]: MongoDB Atlas connected 
2026-05-05T12:42:02.278Z [INFO]: Server running on port 3001 
2026-05-05T12:42:03.053Z [INFO]: TwelveData WebSocket connected 
2026-05-05T12:42:03.054Z [INFO]: Subscribed to: BTC/USD, XAU/USD, WTI/USD 
2026-05-05T12:42:03.211Z [INFO]: TwelveData subscribed: [object Object], [object Object] 
2026-05-05T12:42:03.211Z [WARN]: TwelveData subscription failures: [object Object] 
2026-05-05T12:42:48.680Z [INFO]: MongoDB Atlas connected 
2026-05-05T12:42:48.690Z [INFO]: Server running on port 3001 
2026-05-05T12:42:49.318Z [INFO]: TwelveData WebSocket connected 
2026-05-05T12:42:49.320Z [INFO]: Subscribed to: BTC/USD, XAU/USD, WTI/USD 
2026-05-05T12:42:49.470Z [INFO]: TwelveData subscribed: BTC/USD, XAU/USD 
2026-05-05T12:42:49.471Z [WARN]: TwelveData subscription failures: WTI/USD 
2026-05-05T12:43:20.497Z [INFO]: MongoDB Atlas connected 
2026-05-05T12:43:20.507Z [INFO]: Server running on port 3001 
2026-05-05T12:43:21.173Z [INFO]: TwelveData WebSocket connected 
2026-05-05T12:43:21.174Z [INFO]: Subscribed to: BTC/USD, XAU/USD, WTI/USD 
2026-05-05T12:43:21.309Z [INFO]: TwelveData subscribed: BTC/USD, XAU/USD 
2026-05-05T12:43:21.310Z [WARN]: TwelveData subscription failures: WTI/USD 
2026-05-05T12:45:39.015Z [ERROR]: MongoDB connection failed: querySrv ETIMEOUT _mongodb._tcp.cluster0.lncnmxz.mongodb.net 
